Terminals unused in grammar

   MULTI_LINE_NOTES_BEGIN
   MULTI_LINE_NOTES_END
   SUB


State 62 conflicts: 1 shift/reduce
State 63 conflicts: 1 shift/reduce
State 92 conflicts: 11 shift/reduce
State 93 conflicts: 1 shift/reduce
State 94 conflicts: 1 shift/reduce
State 95 conflicts: 1 shift/reduce
State 96 conflicts: 1 shift/reduce
State 97 conflicts: 1 shift/reduce
State 98 conflicts: 1 shift/reduce
State 99 conflicts: 1 shift/reduce
State 102 conflicts: 1 shift/reduce


Grammar

    0 $accept: Program $end

    1 Program: ExtDefList

    2 ExtDefList: ExtDef ExtDefList
    3           | %empty

    4 ExtDef: Specifier ExtDecList SEMI
    5       | Specifier SEMI
    6       | Specifier FunDec CompSt

    7 ExtDecList: VarDec
    8           | VarDec COMMA ExtDecList

    9 Specifier: TYPE
   10          | StructSpecifier

   11 StructSpecifier: STRUCT OptTag LC DefList RC
   12                | STRUCT Tag

   13 OptTag: ID
   14       | %empty

   15 Tag: ID

   16 VarDec: ID
   17       | VarDec LB INT RB

   18 FunDec: ID LP VarList RP
   19       | ID LP RP

   20 VarList: ParamDec COMMA VarList
   21        | ParamDec

   22 ParamDec: Specifier VarDec

   23 CompSt: LC DefList StmtList RC

   24 StmtList: Stmt StmtList
   25         | %empty

   26 Stmt: Exp SEMI
   27     | CompSt
   28     | RETURN Exp SEMI
   29     | IF LP Exp RP Stmt
   30     | IF LP Exp RP Stmt ELSE Stmt
   31     | WHILE LP Exp RP Stmt
   32     | IF LP Exp RP error ELSE Stmt

   33 DefList: Def DefList
   34        | %empty

   35 Def: Specifier DecList SEMI

   36 DecList: Dec
   37        | Dec COMMA DecList

   38 Dec: VarDec
   39    | VarDec ASSIGNOP Exp

   40 Exp: Exp ASSIGNOP Exp
   41    | Exp AND Exp
   42    | Exp OR Exp
   43    | Exp RELOP Exp
   44    | Exp PLUS Exp
   45    | Exp MINUS Exp
   46    | Exp STAR Exp
   47    | Exp DIV Exp
   48    | LP Exp RP
   49    | MINUS Exp
   50    | NOT Exp
   51    | ID LP Args RP
   52    | ID LP RP
   53    | Exp LB Exp RB
   54    | Exp DOT ID
   55    | ID
   56    | INT
   57    | FLOAT
   58    | Exp error Exp

   59 Args: Exp COMMA Args
   60     | Exp


Terminals, with rules where they appear

$end (0) 0
error (256) 32 58
MULTI_LINE_NOTES_BEGIN (258)
MULTI_LINE_NOTES_END (259)
SEMI (260) 4 5 26 28 35
COMMA (261) 8 20 37 59
ASSIGNOP (262) 39 40
PLUS (263) 44
MINUS (264) 45 49
STAR (265) 46
DIV (266) 47
AND (267) 41
OR (268) 42
NOT (269) 50
DOT (270) 54
TYPE (271) 9
LP (272) 18 19 29 30 31 32 48 51 52
RP (273) 18 19 29 30 31 32 48 51 52
LB (274) 17 53
RB (275) 17 53
LC (276) 11 23
RC (277) 11 23
STRUCT (278) 11 12
RETURN (279) 28
IF (280) 29 30 32
ELSE (281) 30 32
WHILE (282) 31
INT (283) 17 56
FLOAT (284) 57
ID (285) 13 15 16 18 19 51 52 54 55
RELOP (286) 43
SUB (287)
LOWER_THAN_ELSE (288)


Nonterminals, with rules where they appear

$accept (34)
    on left: 0
Program (35)
    on left: 1, on right: 0
ExtDefList (36)
    on left: 2 3, on right: 1 2
ExtDef (37)
    on left: 4 5 6, on right: 2
ExtDecList (38)
    on left: 7 8, on right: 4 8
Specifier (39)
    on left: 9 10, on right: 4 5 6 22 35
StructSpecifier (40)
    on left: 11 12, on right: 10
OptTag (41)
    on left: 13 14, on right: 11
Tag (42)
    on left: 15, on right: 12
VarDec (43)
    on left: 16 17, on right: 7 8 17 22 38 39
FunDec (44)
    on left: 18 19, on right: 6
VarList (45)
    on left: 20 21, on right: 18 20
ParamDec (46)
    on left: 22, on right: 20 21
CompSt (47)
    on left: 23, on right: 6 27
StmtList (48)
    on left: 24 25, on right: 23 24
Stmt (49)
    on left: 26 27 28 29 30 31 32, on right: 24 29 30 31 32
DefList (50)
    on left: 33 34, on right: 11 23 33
Def (51)
    on left: 35, on right: 33
DecList (52)
    on left: 36 37, on right: 35 37
Dec (53)
    on left: 38 39, on right: 36 37
Exp (54)
    on left: 40 41 42 43 44 45 46 47 48 49 50 51 52 53 54 55 56 57
    58, on right: 26 28 29 30 31 32 39 40 41 42 43 44 45 46 47 48 49
    50 53 54 58 59 60
Args (55)
    on left: 59 60, on right: 51 59


State 0

    0 $accept: . Program $end

    TYPE    shift, and go to state 1
    STRUCT  shift, and go to state 2

    $default  reduce using rule 3 (ExtDefList)

    Program          go to state 3
    ExtDefList       go to state 4
    ExtDef           go to state 5
    Specifier        go to state 6
    StructSpecifier  go to state 7


State 1

    9 Specifier: TYPE .

    $default  reduce using rule 9 (Specifier)


State 2

   11 StructSpecifier: STRUCT . OptTag LC DefList RC
   12                | STRUCT . Tag

    ID  shift, and go to state 8

    $default  reduce using rule 14 (OptTag)

    OptTag  go to state 9
    Tag     go to state 10


State 3

    0 $accept: Program . $end

    $end  shift, and go to state 11


State 4

    1 Program: ExtDefList .

    $default  reduce using rule 1 (Program)


State 5

    2 ExtDefList: ExtDef . ExtDefList

    TYPE    shift, and go to state 1
    STRUCT  shift, and go to state 2

    $default  reduce using rule 3 (ExtDefList)

    ExtDefList       go to state 12
    ExtDef           go to state 5
    Specifier        go to state 6
    StructSpecifier  go to state 7


State 6

    4 ExtDef: Specifier . ExtDecList SEMI
    5       | Specifier . SEMI
    6       | Specifier . FunDec CompSt

    SEMI  shift, and go to state 13
    ID    shift, and go to state 14

    ExtDecList  go to state 15
    VarDec      go to state 16
    FunDec      go to state 17


State 7

   10 Specifier: StructSpecifier .

    $default  reduce using rule 10 (Specifier)


State 8

   13 OptTag: ID .
   15 Tag: ID .

    LC        reduce using rule 13 (OptTag)
    $default  reduce using rule 15 (Tag)


State 9

   11 StructSpecifier: STRUCT OptTag . LC DefList RC

    LC  shift, and go to state 18


State 10

   12 StructSpecifier: STRUCT Tag .

    $default  reduce using rule 12 (StructSpecifier)


State 11

    0 $accept: Program $end .

    $default  accept


State 12

    2 ExtDefList: ExtDef ExtDefList .

    $default  reduce using rule 2 (ExtDefList)


State 13

    5 ExtDef: Specifier SEMI .

    $default  reduce using rule 5 (ExtDef)


State 14

   16 VarDec: ID .
   18 FunDec: ID . LP VarList RP
   19       | ID . LP RP

    LP  shift, and go to state 19

    $default  reduce using rule 16 (VarDec)


State 15

    4 ExtDef: Specifier ExtDecList . SEMI

    SEMI  shift, and go to state 20


State 16

    7 ExtDecList: VarDec .
    8           | VarDec . COMMA ExtDecList
   17 VarDec: VarDec . LB INT RB

    COMMA  shift, and go to state 21
    LB     shift, and go to state 22

    $default  reduce using rule 7 (ExtDecList)


State 17

    6 ExtDef: Specifier FunDec . CompSt

    LC  shift, and go to state 23

    CompSt  go to state 24


State 18

   11 StructSpecifier: STRUCT OptTag LC . DefList RC

    TYPE    shift, and go to state 1
    STRUCT  shift, and go to state 2

    $default  reduce using rule 34 (DefList)

    Specifier        go to state 25
    StructSpecifier  go to state 7
    DefList          go to state 26
    Def              go to state 27


State 19

   18 FunDec: ID LP . VarList RP
   19       | ID LP . RP

    TYPE    shift, and go to state 1
    RP      shift, and go to state 28
    STRUCT  shift, and go to state 2

    Specifier        go to state 29
    StructSpecifier  go to state 7
    VarList          go to state 30
    ParamDec         go to state 31


State 20

    4 ExtDef: Specifier ExtDecList SEMI .

    $default  reduce using rule 4 (ExtDef)


State 21

    8 ExtDecList: VarDec COMMA . ExtDecList

    ID  shift, and go to state 32

    ExtDecList  go to state 33
    VarDec      go to state 16


State 22

   17 VarDec: VarDec LB . INT RB

    INT  shift, and go to state 34


State 23

   23 CompSt: LC . DefList StmtList RC

    TYPE    shift, and go to state 1
    STRUCT  shift, and go to state 2

    $default  reduce using rule 34 (DefList)

    Specifier        go to state 25
    StructSpecifier  go to state 7
    DefList          go to state 35
    Def              go to state 27


State 24

    6 ExtDef: Specifier FunDec CompSt .

    $default  reduce using rule 6 (ExtDef)


State 25

   35 Def: Specifier . DecList SEMI

    ID  shift, and go to state 32

    VarDec   go to state 36
    DecList  go to state 37
    Dec      go to state 38


State 26

   11 StructSpecifier: STRUCT OptTag LC DefList . RC

    RC  shift, and go to state 39


State 27

   33 DefList: Def . DefList

    TYPE    shift, and go to state 1
    STRUCT  shift, and go to state 2

    $default  reduce using rule 34 (DefList)

    Specifier        go to state 25
    StructSpecifier  go to state 7
    DefList          go to state 40
    Def              go to state 27


State 28

   19 FunDec: ID LP RP .

    $default  reduce using rule 19 (FunDec)


State 29

   22 ParamDec: Specifier . VarDec

    ID  shift, and go to state 32

    VarDec  go to state 41


State 30

   18 FunDec: ID LP VarList . RP

    RP  shift, and go to state 42


State 31

   20 VarList: ParamDec . COMMA VarList
   21        | ParamDec .

    COMMA  shift, and go to state 43

    $default  reduce using rule 21 (VarList)


State 32

   16 VarDec: ID .

    $default  reduce using rule 16 (VarDec)


State 33

    8 ExtDecList: VarDec COMMA ExtDecList .

    $default  reduce using rule 8 (ExtDecList)


State 34

   17 VarDec: VarDec LB INT . RB

    RB  shift, and go to state 44


State 35

   23 CompSt: LC DefList . StmtList RC

    MINUS   shift, and go to state 45
    NOT     shift, and go to state 46
    LP      shift, and go to state 47
    LC      shift, and go to state 23
    RETURN  shift, and go to state 48
    IF      shift, and go to state 49
    WHILE   shift, and go to state 50
    INT     shift, and go to state 51
    FLOAT   shift, and go to state 52
    ID      shift, and go to state 53

    $default  reduce using rule 25 (StmtList)

    CompSt    go to state 54
    StmtList  go to state 55
    Stmt      go to state 56
    Exp       go to state 57


State 36

   17 VarDec: VarDec . LB INT RB
   38 Dec: VarDec .
   39    | VarDec . ASSIGNOP Exp

    ASSIGNOP  shift, and go to state 58
    LB        shift, and go to state 22

    $default  reduce using rule 38 (Dec)


State 37

   35 Def: Specifier DecList . SEMI

    SEMI  shift, and go to state 59


State 38

   36 DecList: Dec .
   37        | Dec . COMMA DecList

    COMMA  shift, and go to state 60

    $default  reduce using rule 36 (DecList)


State 39

   11 StructSpecifier: STRUCT OptTag LC DefList RC .

    $default  reduce using rule 11 (StructSpecifier)


State 40

   33 DefList: Def DefList .

    $default  reduce using rule 33 (DefList)


State 41

   17 VarDec: VarDec . LB INT RB
   22 ParamDec: Specifier VarDec .

    LB  shift, and go to state 22

    $default  reduce using rule 22 (ParamDec)


State 42

   18 FunDec: ID LP VarList RP .

    $default  reduce using rule 18 (FunDec)


State 43

   20 VarList: ParamDec COMMA . VarList

    TYPE    shift, and go to state 1
    STRUCT  shift, and go to state 2

    Specifier        go to state 29
    StructSpecifier  go to state 7
    VarList          go to state 61
    ParamDec         go to state 31


State 44

   17 VarDec: VarDec LB INT RB .

    $default  reduce using rule 17 (VarDec)


State 45

   49 Exp: MINUS . Exp

    MINUS  shift, and go to state 45
    NOT    shift, and go to state 46
    LP     shift, and go to state 47
    INT    shift, and go to state 51
    FLOAT  shift, and go to state 52
    ID     shift, and go to state 53

    Exp  go to state 62


State 46

   50 Exp: NOT . Exp

    MINUS  shift, and go to state 45
    NOT    shift, and go to state 46
    LP     shift, and go to state 47
    INT    shift, and go to state 51
    FLOAT  shift, and go to state 52
    ID     shift, and go to state 53

    Exp  go to state 63


State 47

   48 Exp: LP . Exp RP

    MINUS  shift, and go to state 45
    NOT    shift, and go to state 46
    LP     shift, and go to state 47
    INT    shift, and go to state 51
    FLOAT  shift, and go to state 52
    ID     shift, and go to state 53

    Exp  go to state 64


State 48

   28 Stmt: RETURN . Exp SEMI

    MINUS  shift, and go to state 45
    NOT    shift, and go to state 46
    LP     shift, and go to state 47
    INT    shift, and go to state 51
    FLOAT  shift, and go to state 52
    ID     shift, and go to state 53

    Exp  go to state 65


State 49

   29 Stmt: IF . LP Exp RP Stmt
   30     | IF . LP Exp RP Stmt ELSE Stmt
   32     | IF . LP Exp RP error ELSE Stmt

    LP  shift, and go to state 66


State 50

   31 Stmt: WHILE . LP Exp RP Stmt

    LP  shift, and go to state 67


State 51

   56 Exp: INT .

    $default  reduce using rule 56 (Exp)


State 52

   57 Exp: FLOAT .

    $default  reduce using rule 57 (Exp)


State 53

   51 Exp: ID . LP Args RP
   52    | ID . LP RP
   55    | ID .

    LP  shift, and go to state 68

    $default  reduce using rule 55 (Exp)


State 54

   27 Stmt: CompSt .

    $default  reduce using rule 27 (Stmt)


State 55

   23 CompSt: LC DefList StmtList . RC

    RC  shift, and go to state 69


State 56

   24 StmtList: Stmt . StmtList

    MINUS   shift, and go to state 45
    NOT     shift, and go to state 46
    LP      shift, and go to state 47
    LC      shift, and go to state 23
    RETURN  shift, and go to state 48
    IF      shift, and go to state 49
    WHILE   shift, and go to state 50
    INT     shift, and go to state 51
    FLOAT   shift, and go to state 52
    ID      shift, and go to state 53

    $default  reduce using rule 25 (StmtList)

    CompSt    go to state 54
    StmtList  go to state 70
    Stmt      go to state 56
    Exp       go to state 57


State 57

   26 Stmt: Exp . SEMI
   40 Exp: Exp . ASSIGNOP Exp
   41    | Exp . AND Exp
   42    | Exp . OR Exp
   43    | Exp . RELOP Exp
   44    | Exp . PLUS Exp
   45    | Exp . MINUS Exp
   46    | Exp . STAR Exp
   47    | Exp . DIV Exp
   53    | Exp . LB Exp RB
   54    | Exp . DOT ID
   58    | Exp . error Exp

    error     shift, and go to state 71
    SEMI      shift, and go to state 72
    ASSIGNOP  shift, and go to state 73
    PLUS      shift, and go to state 74
    MINUS     shift, and go to state 75
    STAR      shift, and go to state 76
    DIV       shift, and go to state 77
    AND       shift, and go to state 78
    OR        shift, and go to state 79
    DOT       shift, and go to state 80
    LB        shift, and go to state 81
    RELOP     shift, and go to state 82


State 58

   39 Dec: VarDec ASSIGNOP . Exp

    MINUS  shift, and go to state 45
    NOT    shift, and go to state 46
    LP     shift, and go to state 47
    INT    shift, and go to state 51
    FLOAT  shift, and go to state 52
    ID     shift, and go to state 53

    Exp  go to state 83


State 59

   35 Def: Specifier DecList SEMI .

    $default  reduce using rule 35 (Def)


State 60

   37 DecList: Dec COMMA . DecList

    ID  shift, and go to state 32

    VarDec   go to state 36
    DecList  go to state 84
    Dec      go to state 38


State 61

   20 VarList: ParamDec COMMA VarList .

    $default  reduce using rule 20 (VarList)


State 62

   40 Exp: Exp . ASSIGNOP Exp
   41    | Exp . AND Exp
   42    | Exp . OR Exp
   43    | Exp . RELOP Exp
   44    | Exp . PLUS Exp
   45    | Exp . MINUS Exp
   46    | Exp . STAR Exp
   47    | Exp . DIV Exp
   49    | MINUS Exp .
   53    | Exp . LB Exp RB
   54    | Exp . DOT ID
   58    | Exp . error Exp

    error  shift, and go to state 71
    MINUS  shift, and go to state 75
    DOT    shift, and go to state 80
    LB     shift, and go to state 81

    error     [reduce using rule 49 (Exp)]
    SEMI      reduce using rule 49 (Exp)
    COMMA     reduce using rule 49 (Exp)
    ASSIGNOP  reduce using rule 49 (Exp)
    PLUS      reduce using rule 49 (Exp)
    STAR      reduce using rule 49 (Exp)
    DIV       reduce using rule 49 (Exp)
    AND       reduce using rule 49 (Exp)
    OR        reduce using rule 49 (Exp)
    RP        reduce using rule 49 (Exp)
    RB        reduce using rule 49 (Exp)
    RELOP     reduce using rule 49 (Exp)


State 63

   40 Exp: Exp . ASSIGNOP Exp
   41    | Exp . AND Exp
   42    | Exp . OR Exp
   43    | Exp . RELOP Exp
   44    | Exp . PLUS Exp
   45    | Exp . MINUS Exp
   46    | Exp . STAR Exp
   47    | Exp . DIV Exp
   50    | NOT Exp .
   53    | Exp . LB Exp RB
   54    | Exp . DOT ID
   58    | Exp . error Exp

    error  shift, and go to state 71
    MINUS  shift, and go to state 75
    DOT    shift, and go to state 80
    LB     shift, and go to state 81

    error     [reduce using rule 50 (Exp)]
    SEMI      reduce using rule 50 (Exp)
    COMMA     reduce using rule 50 (Exp)
    ASSIGNOP  reduce using rule 50 (Exp)
    PLUS      reduce using rule 50 (Exp)
    STAR      reduce using rule 50 (Exp)
    DIV       reduce using rule 50 (Exp)
    AND       reduce using rule 50 (Exp)
    OR        reduce using rule 50 (Exp)
    RP        reduce using rule 50 (Exp)
    RB        reduce using rule 50 (Exp)
    RELOP     reduce using rule 50 (Exp)


State 64

   40 Exp: Exp . ASSIGNOP Exp
   41    | Exp . AND Exp
   42    | Exp . OR Exp
   43    | Exp . RELOP Exp
   44    | Exp . PLUS Exp
   45    | Exp . MINUS Exp
   46    | Exp . STAR Exp
   47    | Exp . DIV Exp
   48    | LP Exp . RP
   53    | Exp . LB Exp RB
   54    | Exp . DOT ID
   58    | Exp . error Exp

    error     shift, and go to state 71
    ASSIGNOP  shift, and go to state 73
    PLUS      shift, and go to state 74
    MINUS     shift, and go to state 75
    STAR      shift, and go to state 76
    DIV       shift, and go to state 77
    AND       shift, and go to state 78
    OR        shift, and go to state 79
    DOT       shift, and go to state 80
    RP        shift, and go to state 85
    LB        shift, and go to state 81
    RELOP     shift, and go to state 82


State 65

   28 Stmt: RETURN Exp . SEMI
   40 Exp: Exp . ASSIGNOP Exp
   41    | Exp . AND Exp
   42    | Exp . OR Exp
   43    | Exp . RELOP Exp
   44    | Exp . PLUS Exp
   45    | Exp . MINUS Exp
   46    | Exp . STAR Exp
   47    | Exp . DIV Exp
   53    | Exp . LB Exp RB
   54    | Exp . DOT ID
   58    | Exp . error Exp

    error     shift, and go to state 71
    SEMI      shift, and go to state 86
    ASSIGNOP  shift, and go to state 73
    PLUS      shift, and go to state 74
    MINUS     shift, and go to state 75
    STAR      shift, and go to state 76
    DIV       shift, and go to state 77
    AND       shift, and go to state 78
    OR        shift, and go to state 79
    DOT       shift, and go to state 80
    LB        shift, and go to state 81
    RELOP     shift, and go to state 82


State 66

   29 Stmt: IF LP . Exp RP Stmt
   30     | IF LP . Exp RP Stmt ELSE Stmt
   32     | IF LP . Exp RP error ELSE Stmt

    MINUS  shift, and go to state 45
    NOT    shift, and go to state 46
    LP     shift, and go to state 47
    INT    shift, and go to state 51
    FLOAT  shift, and go to state 52
    ID     shift, and go to state 53

    Exp  go to state 87


State 67

   31 Stmt: WHILE LP . Exp RP Stmt

    MINUS  shift, and go to state 45
    NOT    shift, and go to state 46
    LP     shift, and go to state 47
    INT    shift, and go to state 51
    FLOAT  shift, and go to state 52
    ID     shift, and go to state 53

    Exp  go to state 88


State 68

   51 Exp: ID LP . Args RP
   52    | ID LP . RP

    MINUS  shift, and go to state 45
    NOT    shift, and go to state 46
    LP     shift, and go to state 47
    RP     shift, and go to state 89
    INT    shift, and go to state 51
    FLOAT  shift, and go to state 52
    ID     shift, and go to state 53

    Exp   go to state 90
    Args  go to state 91


State 69

   23 CompSt: LC DefList StmtList RC .

    $default  reduce using rule 23 (CompSt)


State 70

   24 StmtList: Stmt StmtList .

    $default  reduce using rule 24 (StmtList)


State 71

   58 Exp: Exp error . Exp

    MINUS  shift, and go to state 45
    NOT    shift, and go to state 46
    LP     shift, and go to state 47
    INT    shift, and go to state 51
    FLOAT  shift, and go to state 52
    ID     shift, and go to state 53

    Exp  go to state 92


State 72

   26 Stmt: Exp SEMI .

    $default  reduce using rule 26 (Stmt)


State 73

   40 Exp: Exp ASSIGNOP . Exp

    MINUS  shift, and go to state 45
    NOT    shift, and go to state 46
    LP     shift, and go to state 47
    INT    shift, and go to state 51
    FLOAT  shift, and go to state 52
    ID     shift, and go to state 53

    Exp  go to state 93


State 74

   44 Exp: Exp PLUS . Exp

    MINUS  shift, and go to state 45
    NOT    shift, and go to state 46
    LP     shift, and go to state 47
    INT    shift, and go to state 51
    FLOAT  shift, and go to state 52
    ID     shift, and go to state 53

    Exp  go to state 94


State 75

   45 Exp: Exp MINUS . Exp

    MINUS  shift, and go to state 45
    NOT    shift, and go to state 46
    LP     shift, and go to state 47
    INT    shift, and go to state 51
    FLOAT  shift, and go to state 52
    ID     shift, and go to state 53

    Exp  go to state 95


State 76

   46 Exp: Exp STAR . Exp

    MINUS  shift, and go to state 45
    NOT    shift, and go to state 46
    LP     shift, and go to state 47
    INT    shift, and go to state 51
    FLOAT  shift, and go to state 52
    ID     shift, and go to state 53

    Exp  go to state 96


State 77

   47 Exp: Exp DIV . Exp

    MINUS  shift, and go to state 45
    NOT    shift, and go to state 46
    LP     shift, and go to state 47
    INT    shift, and go to state 51
    FLOAT  shift, and go to state 52
    ID     shift, and go to state 53

    Exp  go to state 97


State 78

   41 Exp: Exp AND . Exp

    MINUS  shift, and go to state 45
    NOT    shift, and go to state 46
    LP     shift, and go to state 47
    INT    shift, and go to state 51
    FLOAT  shift, and go to state 52
    ID     shift, and go to state 53

    Exp  go to state 98


State 79

   42 Exp: Exp OR . Exp

    MINUS  shift, and go to state 45
    NOT    shift, and go to state 46
    LP     shift, and go to state 47
    INT    shift, and go to state 51
    FLOAT  shift, and go to state 52
    ID     shift, and go to state 53

    Exp  go to state 99


State 80

   54 Exp: Exp DOT . ID

    ID  shift, and go to state 100


State 81

   53 Exp: Exp LB . Exp RB

    MINUS  shift, and go to state 45
    NOT    shift, and go to state 46
    LP     shift, and go to state 47
    INT    shift, and go to state 51
    FLOAT  shift, and go to state 52
    ID     shift, and go to state 53

    Exp  go to state 101


State 82

   43 Exp: Exp RELOP . Exp

    MINUS  shift, and go to state 45
    NOT    shift, and go to state 46
    LP     shift, and go to state 47
    INT    shift, and go to state 51
    FLOAT  shift, and go to state 52
    ID     shift, and go to state 53

    Exp  go to state 102


State 83

   39 Dec: VarDec ASSIGNOP Exp .
   40 Exp: Exp . ASSIGNOP Exp
   41    | Exp . AND Exp
   42    | Exp . OR Exp
   43    | Exp . RELOP Exp
   44    | Exp . PLUS Exp
   45    | Exp . MINUS Exp
   46    | Exp . STAR Exp
   47    | Exp . DIV Exp
   53    | Exp . LB Exp RB
   54    | Exp . DOT ID
   58    | Exp . error Exp

    error     shift, and go to state 71
    ASSIGNOP  shift, and go to state 73
    PLUS      shift, and go to state 74
    MINUS     shift, and go to state 75
    STAR      shift, and go to state 76
    DIV       shift, and go to state 77
    AND       shift, and go to state 78
    OR        shift, and go to state 79
    DOT       shift, and go to state 80
    LB        shift, and go to state 81
    RELOP     shift, and go to state 82

    SEMI   reduce using rule 39 (Dec)
    COMMA  reduce using rule 39 (Dec)


State 84

   37 DecList: Dec COMMA DecList .

    $default  reduce using rule 37 (DecList)


State 85

   48 Exp: LP Exp RP .

    $default  reduce using rule 48 (Exp)


State 86

   28 Stmt: RETURN Exp SEMI .

    $default  reduce using rule 28 (Stmt)


State 87

   29 Stmt: IF LP Exp . RP Stmt
   30     | IF LP Exp . RP Stmt ELSE Stmt
   32     | IF LP Exp . RP error ELSE Stmt
   40 Exp: Exp . ASSIGNOP Exp
   41    | Exp . AND Exp
   42    | Exp . OR Exp
   43    | Exp . RELOP Exp
   44    | Exp . PLUS Exp
   45    | Exp . MINUS Exp
   46    | Exp . STAR Exp
   47    | Exp . DIV Exp
   53    | Exp . LB Exp RB
   54    | Exp . DOT ID
   58    | Exp . error Exp

    error     shift, and go to state 71
    ASSIGNOP  shift, and go to state 73
    PLUS      shift, and go to state 74
    MINUS     shift, and go to state 75
    STAR      shift, and go to state 76
    DIV       shift, and go to state 77
    AND       shift, and go to state 78
    OR        shift, and go to state 79
    DOT       shift, and go to state 80
    RP        shift, and go to state 103
    LB        shift, and go to state 81
    RELOP     shift, and go to state 82


State 88

   31 Stmt: WHILE LP Exp . RP Stmt
   40 Exp: Exp . ASSIGNOP Exp
   41    | Exp . AND Exp
   42    | Exp . OR Exp
   43    | Exp . RELOP Exp
   44    | Exp . PLUS Exp
   45    | Exp . MINUS Exp
   46    | Exp . STAR Exp
   47    | Exp . DIV Exp
   53    | Exp . LB Exp RB
   54    | Exp . DOT ID
   58    | Exp . error Exp

    error     shift, and go to state 71
    ASSIGNOP  shift, and go to state 73
    PLUS      shift, and go to state 74
    MINUS     shift, and go to state 75
    STAR      shift, and go to state 76
    DIV       shift, and go to state 77
    AND       shift, and go to state 78
    OR        shift, and go to state 79
    DOT       shift, and go to state 80
    RP        shift, and go to state 104
    LB        shift, and go to state 81
    RELOP     shift, and go to state 82


State 89

   52 Exp: ID LP RP .

    $default  reduce using rule 52 (Exp)


State 90

   40 Exp: Exp . ASSIGNOP Exp
   41    | Exp . AND Exp
   42    | Exp . OR Exp
   43    | Exp . RELOP Exp
   44    | Exp . PLUS Exp
   45    | Exp . MINUS Exp
   46    | Exp . STAR Exp
   47    | Exp . DIV Exp
   53    | Exp . LB Exp RB
   54    | Exp . DOT ID
   58    | Exp . error Exp
   59 Args: Exp . COMMA Args
   60     | Exp .

    error     shift, and go to state 71
    COMMA     shift, and go to state 105
    ASSIGNOP  shift, and go to state 73
    PLUS      shift, and go to state 74
    MINUS     shift, and go to state 75
    STAR      shift, and go to state 76
    DIV       shift, and go to state 77
    AND       shift, and go to state 78
    OR        shift, and go to state 79
    DOT       shift, and go to state 80
    LB        shift, and go to state 81
    RELOP     shift, and go to state 82

    RP  reduce using rule 60 (Args)


State 91

   51 Exp: ID LP Args . RP

    RP  shift, and go to state 106


State 92

   40 Exp: Exp . ASSIGNOP Exp
   41    | Exp . AND Exp
   42    | Exp . OR Exp
   43    | Exp . RELOP Exp
   44    | Exp . PLUS Exp
   45    | Exp . MINUS Exp
   46    | Exp . STAR Exp
   47    | Exp . DIV Exp
   53    | Exp . LB Exp RB
   54    | Exp . DOT ID
   58    | Exp . error Exp
   58    | Exp error Exp .

    error     shift, and go to state 71
    ASSIGNOP  shift, and go to state 73
    PLUS      shift, and go to state 74
    MINUS     shift, and go to state 75
    STAR      shift, and go to state 76
    DIV       shift, and go to state 77
    AND       shift, and go to state 78
    OR        shift, and go to state 79
    DOT       shift, and go to state 80
    LB        shift, and go to state 81
    RELOP     shift, and go to state 82

    error     [reduce using rule 58 (Exp)]
    SEMI      reduce using rule 58 (Exp)
    COMMA     reduce using rule 58 (Exp)
    ASSIGNOP  [reduce using rule 58 (Exp)]
    PLUS      [reduce using rule 58 (Exp)]
    MINUS     [reduce using rule 58 (Exp)]
    STAR      [reduce using rule 58 (Exp)]
    DIV       [reduce using rule 58 (Exp)]
    AND       [reduce using rule 58 (Exp)]
    OR        [reduce using rule 58 (Exp)]
    DOT       [reduce using rule 58 (Exp)]
    RP        reduce using rule 58 (Exp)
    LB        [reduce using rule 58 (Exp)]
    RB        reduce using rule 58 (Exp)
    RELOP     [reduce using rule 58 (Exp)]


State 93

   40 Exp: Exp . ASSIGNOP Exp
   40    | Exp ASSIGNOP Exp .
   41    | Exp . AND Exp
   42    | Exp . OR Exp
   43    | Exp . RELOP Exp
   44    | Exp . PLUS Exp
   45    | Exp . MINUS Exp
   46    | Exp . STAR Exp
   47    | Exp . DIV Exp
   53    | Exp . LB Exp RB
   54    | Exp . DOT ID
   58    | Exp . error Exp

    error     shift, and go to state 71
    ASSIGNOP  shift, and go to state 73
    PLUS      shift, and go to state 74
    MINUS     shift, and go to state 75
    STAR      shift, and go to state 76
    DIV       shift, and go to state 77
    AND       shift, and go to state 78
    OR        shift, and go to state 79
    DOT       shift, and go to state 80
    LB        shift, and go to state 81
    RELOP     shift, and go to state 82

    error  [reduce using rule 40 (Exp)]
    SEMI   reduce using rule 40 (Exp)
    COMMA  reduce using rule 40 (Exp)
    RP     reduce using rule 40 (Exp)
    RB     reduce using rule 40 (Exp)


State 94

   40 Exp: Exp . ASSIGNOP Exp
   41    | Exp . AND Exp
   42    | Exp . OR Exp
   43    | Exp . RELOP Exp
   44    | Exp . PLUS Exp
   44    | Exp PLUS Exp .
   45    | Exp . MINUS Exp
   46    | Exp . STAR Exp
   47    | Exp . DIV Exp
   53    | Exp . LB Exp RB
   54    | Exp . DOT ID
   58    | Exp . error Exp

    error  shift, and go to state 71
    MINUS  shift, and go to state 75
    STAR   shift, and go to state 76
    DIV    shift, and go to state 77
    DOT    shift, and go to state 80
    LB     shift, and go to state 81

    error     [reduce using rule 44 (Exp)]
    SEMI      reduce using rule 44 (Exp)
    COMMA     reduce using rule 44 (Exp)
    ASSIGNOP  reduce using rule 44 (Exp)
    PLUS      reduce using rule 44 (Exp)
    AND       reduce using rule 44 (Exp)
    OR        reduce using rule 44 (Exp)
    RP        reduce using rule 44 (Exp)
    RB        reduce using rule 44 (Exp)
    RELOP     reduce using rule 44 (Exp)


State 95

   40 Exp: Exp . ASSIGNOP Exp
   41    | Exp . AND Exp
   42    | Exp . OR Exp
   43    | Exp . RELOP Exp
   44    | Exp . PLUS Exp
   45    | Exp . MINUS Exp
   45    | Exp MINUS Exp .
   46    | Exp . STAR Exp
   47    | Exp . DIV Exp
   53    | Exp . LB Exp RB
   54    | Exp . DOT ID
   58    | Exp . error Exp

    error  shift, and go to state 71
    MINUS  shift, and go to state 75
    DOT    shift, and go to state 80
    LB     shift, and go to state 81

    error     [reduce using rule 45 (Exp)]
    SEMI      reduce using rule 45 (Exp)
    COMMA     reduce using rule 45 (Exp)
    ASSIGNOP  reduce using rule 45 (Exp)
    PLUS      reduce using rule 45 (Exp)
    STAR      reduce using rule 45 (Exp)
    DIV       reduce using rule 45 (Exp)
    AND       reduce using rule 45 (Exp)
    OR        reduce using rule 45 (Exp)
    RP        reduce using rule 45 (Exp)
    RB        reduce using rule 45 (Exp)
    RELOP     reduce using rule 45 (Exp)


State 96

   40 Exp: Exp . ASSIGNOP Exp
   41    | Exp . AND Exp
   42    | Exp . OR Exp
   43    | Exp . RELOP Exp
   44    | Exp . PLUS Exp
   45    | Exp . MINUS Exp
   46    | Exp . STAR Exp
   46    | Exp STAR Exp .
   47    | Exp . DIV Exp
   53    | Exp . LB Exp RB
   54    | Exp . DOT ID
   58    | Exp . error Exp

    error  shift, and go to state 71
    MINUS  shift, and go to state 75
    DOT    shift, and go to state 80
    LB     shift, and go to state 81

    error     [reduce using rule 46 (Exp)]
    SEMI      reduce using rule 46 (Exp)
    COMMA     reduce using rule 46 (Exp)
    ASSIGNOP  reduce using rule 46 (Exp)
    PLUS      reduce using rule 46 (Exp)
    STAR      reduce using rule 46 (Exp)
    DIV       reduce using rule 46 (Exp)
    AND       reduce using rule 46 (Exp)
    OR        reduce using rule 46 (Exp)
    RP        reduce using rule 46 (Exp)
    RB        reduce using rule 46 (Exp)
    RELOP     reduce using rule 46 (Exp)


State 97

   40 Exp: Exp . ASSIGNOP Exp
   41    | Exp . AND Exp
   42    | Exp . OR Exp
   43    | Exp . RELOP Exp
   44    | Exp . PLUS Exp
   45    | Exp . MINUS Exp
   46    | Exp . STAR Exp
   47    | Exp . DIV Exp
   47    | Exp DIV Exp .
   53    | Exp . LB Exp RB
   54    | Exp . DOT ID
   58    | Exp . error Exp

    error  shift, and go to state 71
    MINUS  shift, and go to state 75
    DOT    shift, and go to state 80
    LB     shift, and go to state 81

    error     [reduce using rule 47 (Exp)]
    SEMI      reduce using rule 47 (Exp)
    COMMA     reduce using rule 47 (Exp)
    ASSIGNOP  reduce using rule 47 (Exp)
    PLUS      reduce using rule 47 (Exp)
    STAR      reduce using rule 47 (Exp)
    DIV       reduce using rule 47 (Exp)
    AND       reduce using rule 47 (Exp)
    OR        reduce using rule 47 (Exp)
    RP        reduce using rule 47 (Exp)
    RB        reduce using rule 47 (Exp)
    RELOP     reduce using rule 47 (Exp)


State 98

   40 Exp: Exp . ASSIGNOP Exp
   41    | Exp . AND Exp
   41    | Exp AND Exp .
   42    | Exp . OR Exp
   43    | Exp . RELOP Exp
   44    | Exp . PLUS Exp
   45    | Exp . MINUS Exp
   46    | Exp . STAR Exp
   47    | Exp . DIV Exp
   53    | Exp . LB Exp RB
   54    | Exp . DOT ID
   58    | Exp . error Exp

    error  shift, and go to state 71
    PLUS   shift, and go to state 74
    MINUS  shift, and go to state 75
    STAR   shift, and go to state 76
    DIV    shift, and go to state 77
    DOT    shift, and go to state 80
    LB     shift, and go to state 81
    RELOP  shift, and go to state 82

    error     [reduce using rule 41 (Exp)]
    SEMI      reduce using rule 41 (Exp)
    COMMA     reduce using rule 41 (Exp)
    ASSIGNOP  reduce using rule 41 (Exp)
    AND       reduce using rule 41 (Exp)
    OR        reduce using rule 41 (Exp)
    RP        reduce using rule 41 (Exp)
    RB        reduce using rule 41 (Exp)


State 99

   40 Exp: Exp . ASSIGNOP Exp
   41    | Exp . AND Exp
   42    | Exp . OR Exp
   42    | Exp OR Exp .
   43    | Exp . RELOP Exp
   44    | Exp . PLUS Exp
   45    | Exp . MINUS Exp
   46    | Exp . STAR Exp
   47    | Exp . DIV Exp
   53    | Exp . LB Exp RB
   54    | Exp . DOT ID
   58    | Exp . error Exp

    error  shift, and go to state 71
    PLUS   shift, and go to state 74
    MINUS  shift, and go to state 75
    STAR   shift, and go to state 76
    DIV    shift, and go to state 77
    DOT    shift, and go to state 80
    LB     shift, and go to state 81
    RELOP  shift, and go to state 82

    error     [reduce using rule 42 (Exp)]
    SEMI      reduce using rule 42 (Exp)
    COMMA     reduce using rule 42 (Exp)
    ASSIGNOP  reduce using rule 42 (Exp)
    AND       reduce using rule 42 (Exp)
    OR        reduce using rule 42 (Exp)
    RP        reduce using rule 42 (Exp)
    RB        reduce using rule 42 (Exp)


State 100

   54 Exp: Exp DOT ID .

    $default  reduce using rule 54 (Exp)


State 101

   40 Exp: Exp . ASSIGNOP Exp
   41    | Exp . AND Exp
   42    | Exp . OR Exp
   43    | Exp . RELOP Exp
   44    | Exp . PLUS Exp
   45    | Exp . MINUS Exp
   46    | Exp . STAR Exp
   47    | Exp . DIV Exp
   53    | Exp . LB Exp RB
   53    | Exp LB Exp . RB
   54    | Exp . DOT ID
   58    | Exp . error Exp

    error     shift, and go to state 71
    ASSIGNOP  shift, and go to state 73
    PLUS      shift, and go to state 74
    MINUS     shift, and go to state 75
    STAR      shift, and go to state 76
    DIV       shift, and go to state 77
    AND       shift, and go to state 78
    OR        shift, and go to state 79
    DOT       shift, and go to state 80
    LB        shift, and go to state 81
    RB        shift, and go to state 107
    RELOP     shift, and go to state 82


State 102

   40 Exp: Exp . ASSIGNOP Exp
   41    | Exp . AND Exp
   42    | Exp . OR Exp
   43    | Exp . RELOP Exp
   43    | Exp RELOP Exp .
   44    | Exp . PLUS Exp
   45    | Exp . MINUS Exp
   46    | Exp . STAR Exp
   47    | Exp . DIV Exp
   53    | Exp . LB Exp RB
   54    | Exp . DOT ID
   58    | Exp . error Exp

    error  shift, and go to state 71
    PLUS   shift, and go to state 74
    MINUS  shift, and go to state 75
    STAR   shift, and go to state 76
    DIV    shift, and go to state 77
    DOT    shift, and go to state 80
    LB     shift, and go to state 81

    error     [reduce using rule 43 (Exp)]
    SEMI      reduce using rule 43 (Exp)
    COMMA     reduce using rule 43 (Exp)
    ASSIGNOP  reduce using rule 43 (Exp)
    AND       reduce using rule 43 (Exp)
    OR        reduce using rule 43 (Exp)
    RP        reduce using rule 43 (Exp)
    RB        reduce using rule 43 (Exp)
    RELOP     reduce using rule 43 (Exp)


State 103

   29 Stmt: IF LP Exp RP . Stmt
   30     | IF LP Exp RP . Stmt ELSE Stmt
   32     | IF LP Exp RP . error ELSE Stmt

    error   shift, and go to state 108
    MINUS   shift, and go to state 45
    NOT     shift, and go to state 46
    LP      shift, and go to state 47
    LC      shift, and go to state 23
    RETURN  shift, and go to state 48
    IF      shift, and go to state 49
    WHILE   shift, and go to state 50
    INT     shift, and go to state 51
    FLOAT   shift, and go to state 52
    ID      shift, and go to state 53

    CompSt  go to state 54
    Stmt    go to state 109
    Exp     go to state 57


State 104

   31 Stmt: WHILE LP Exp RP . Stmt

    MINUS   shift, and go to state 45
    NOT     shift, and go to state 46
    LP      shift, and go to state 47
    LC      shift, and go to state 23
    RETURN  shift, and go to state 48
    IF      shift, and go to state 49
    WHILE   shift, and go to state 50
    INT     shift, and go to state 51
    FLOAT   shift, and go to state 52
    ID      shift, and go to state 53

    CompSt  go to state 54
    Stmt    go to state 110
    Exp     go to state 57


State 105

   59 Args: Exp COMMA . Args

    MINUS  shift, and go to state 45
    NOT    shift, and go to state 46
    LP     shift, and go to state 47
    INT    shift, and go to state 51
    FLOAT  shift, and go to state 52
    ID     shift, and go to state 53

    Exp   go to state 90
    Args  go to state 111


State 106

   51 Exp: ID LP Args RP .

    $default  reduce using rule 51 (Exp)


State 107

   53 Exp: Exp LB Exp RB .

    $default  reduce using rule 53 (Exp)


State 108

   32 Stmt: IF LP Exp RP error . ELSE Stmt

    ELSE  shift, and go to state 112


State 109

   29 Stmt: IF LP Exp RP Stmt .
   30     | IF LP Exp RP Stmt . ELSE Stmt

    ELSE  shift, and go to state 113

    $default  reduce using rule 29 (Stmt)


State 110

   31 Stmt: WHILE LP Exp RP Stmt .

    $default  reduce using rule 31 (Stmt)


State 111

   59 Args: Exp COMMA Args .

    $default  reduce using rule 59 (Args)


State 112

   32 Stmt: IF LP Exp RP error ELSE . Stmt

    MINUS   shift, and go to state 45
    NOT     shift, and go to state 46
    LP      shift, and go to state 47
    LC      shift, and go to state 23
    RETURN  shift, and go to state 48
    IF      shift, and go to state 49
    WHILE   shift, and go to state 50
    INT     shift, and go to state 51
    FLOAT   shift, and go to state 52
    ID      shift, and go to state 53

    CompSt  go to state 54
    Stmt    go to state 114
    Exp     go to state 57


State 113

   30 Stmt: IF LP Exp RP Stmt ELSE . Stmt

    MINUS   shift, and go to state 45
    NOT     shift, and go to state 46
    LP      shift, and go to state 47
    LC      shift, and go to state 23
    RETURN  shift, and go to state 48
    IF      shift, and go to state 49
    WHILE   shift, and go to state 50
    INT     shift, and go to state 51
    FLOAT   shift, and go to state 52
    ID      shift, and go to state 53

    CompSt  go to state 54
    Stmt    go to state 115
    Exp     go to state 57


State 114

   32 Stmt: IF LP Exp RP error ELSE Stmt .

    $default  reduce using rule 32 (Stmt)


State 115

   30 Stmt: IF LP Exp RP Stmt ELSE Stmt .

    $default  reduce using rule 30 (Stmt)
